#
# There is insufficient memory for the Java Runtime Environment to continue.
# Native memory allocation (malloc) failed to allocate 1048576 bytes for AllocateHeap
# Possible reasons:
#   The system is out of physical RAM or swap space
#   In 32 bit mode, the process size limit was hit
# Possible solutions:
#   Reduce memory load on the system
#   Increase physical memory or swap space
#   Check if swap backing store is full
#   Use 64 bit Java on a 64 bit OS
#   Decrease Java heap size (-Xmx/-Xms)
#   Decrease number of Java threads
#   Decrease Java thread stack sizes (-Xss)
#   Set larger code cache with -XX:ReservedCodeCacheSize=
# This output file may be truncated or incomplete.
#
#  Out of Memory Error (memory/allocation.inline.hpp:61), pid=10352, tid=11160
#
# JRE version:  (8.0_65-b17) (build )
# Java VM: Java HotSpot(TM) 64-Bit Server VM (25.65-b01 mixed mode windows-amd64 compressed oops)
# Failed to write core dump. Minidumps are not enabled by default on client versions of Windows
#

---------------  T H R E A D  ---------------

Current thread (0x0000000002690800):  JavaThread "Unknown thread" [_thread_in_vm, id=11160, stack(0x0000000002530000,0x0000000002630000)]

Stack: [0x0000000002530000,0x0000000002630000]
[error occurred during error reporting (printing stack bounds), id 0xc0000005]

Native frames: (J=compiled Java code, j=interpreted, Vv=VM code, C=native code)


---------------  P R O C E S S  ---------------

Java Threads: ( => current thread )

Other Threads:

=>0x0000000002690800 (exited) JavaThread "Unknown thread" [_thread_in_vm, id=11160, stack(0x0000000002530000,0x0000000002630000)]

VM state:not at safepoint (normal execution)

VM Mutex/Monitor currently owned by a thread: None

Heap:
 PSYoungGen      total 18432K, used 317K [0x00000000eab00000, 0x00000000ebf80000, 0x0000000100000000)
  eden space 15872K, 2% used [0x00000000eab00000,0x00000000eab4f5d0,0x00000000eba80000)
  from space 2560K, 0% used [0x00000000ebd00000,0x00000000ebd00000,0x00000000ebf80000)
  to   space 2560K, 0% used [0x00000000eba80000,0x00000000eba80000,0x00000000ebd00000)
 ParOldGen       total 42496K, used 0K [0x00000000c0000000, 0x00000000c2980000, 0x00000000eab00000)
  object space 42496K, 0% used [0x00000000c0000000,0x00000000c0000000,0x00000000c2980000)
 Metaspace       used 767K, capacity 4480K, committed 4480K, reserved 1056768K
  class space    used 75K, capacity 384K, committed 384K, reserved 1048576K

Card table byte_map: [0x0000000011b50000,0x0000000011d60000] byte_map_base: 0x0000000011550000

Marking Bits: (ParMarkBitMap*) 0x0000000076d4a5b0
 Begin Bits: [0x00000000122c0000, 0x00000000132c0000)
 End Bits:   [0x00000000132c0000, 0x00000000142c0000)

Polling page: 0x0000000002630000

CodeCache: size=245760Kb used=327Kb max_used=327Kb free=245432Kb
 bounds [0x0000000002790000, 0x0000000002a00000, 0x0000000011790000]
 total_blobs=56 nmethods=0 adapters=37
 compilation: enabled

Compilation events (0 events):
No events

GC Heap History (0 events):
No events

Deoptimization events (0 events):
No events

Internal exceptions (0 events):
No events

Events (10 events):
Event: 0.376 loading class java/lang/Short
Event: 0.376 loading class java/lang/Short done
Event: 0.376 loading class java/lang/Integer
Event: 0.378 loading class java/lang/Integer done
Event: 0.378 loading class java/lang/Long
Event: 0.383 loading class java/lang/Long done
Event: 0.385 loading class java/lang/NullPointerException
Event: 0.385 loading class java/lang/NullPointerException done
Event: 0.385 loading class java/lang/ArithmeticException
Event: 0.385 loading class java/lang/ArithmeticException done


Dynamic libraries:
0x00007ff670010000 - 0x00007ff670047000 	C:\Program Files\Java\jdk1.8.0_65\bin\java.exe
0x00007ffa76e20000 - 0x00007ffa76fcd000 	C:\WINDOWS\SYSTEM32\ntdll.dll
0x00007ffa75a40000 - 0x00007ffa75b7e000 	C:\WINDOWS\system32\KERNEL32.DLL
0x00007ffa74330000 - 0x00007ffa74445000 	C:\WINDOWS\system32\KERNELBASE.dll
0x00007ffa72b20000 - 0x00007ffa72bae000 	C:\WINDOWS\system32\apphelp.dll
0x00007ffa683f0000 - 0x00007ffa68443000 	C:\WINDOWS\AppPatch\AppPatch64\AcGenral.DLL
0x00007ffa76c20000 - 0x00007ffa76cca000 	C:\WINDOWS\system32\msvcrt.dll
0x00007ffa73e10000 - 0x00007ffa73e3e000 	C:\WINDOWS\SYSTEM32\SspiCli.dll
0x00007ffa75c50000 - 0x00007ffa75ca4000 	C:\WINDOWS\system32\SHLWAPI.dll
0x00007ffa76080000 - 0x00007ffa761f7000 	C:\WINDOWS\system32\USER32.dll
0x00007ffa75ee0000 - 0x00007ffa76074000 	C:\WINDOWS\system32\ole32.dll
0x00007ffa744a0000 - 0x00007ffa759ca000 	C:\WINDOWS\system32\SHELL32.dll
0x00007ffa73560000 - 0x00007ffa73581000 	C:\WINDOWS\SYSTEM32\USERENV.dll
0x00007ffa76860000 - 0x00007ffa7690a000 	C:\WINDOWS\system32\ADVAPI32.dll
0x00007ffa6a690000 - 0x00007ffa6a6ae000 	C:\WINDOWS\SYSTEM32\MPR.dll
0x00007ffa762c0000 - 0x00007ffa76401000 	C:\WINDOWS\system32\RPCRT4.dll
0x00007ffa767f0000 - 0x00007ffa76849000 	C:\WINDOWS\SYSTEM32\sechost.dll
0x00007ffa765d0000 - 0x00007ffa767e1000 	C:\WINDOWS\SYSTEM32\combase.dll
0x00007ffa76cd0000 - 0x00007ffa76e20000 	C:\WINDOWS\system32\GDI32.dll
0x00007ffa73f70000 - 0x00007ffa73f85000 	C:\WINDOWS\SYSTEM32\profapi.dll
0x00007ffa724e0000 - 0x00007ffa72592000 	C:\WINDOWS\SYSTEM32\SHCORE.dll
0x00007ffa76be0000 - 0x00007ffa76c16000 	C:\WINDOWS\system32\IMM32.DLL
0x00007ffa75cb0000 - 0x00007ffa75e02000 	C:\WINDOWS\system32\MSCTF.dll
0x00007ffa70a80000 - 0x00007ffa70cfb000 	C:\WINDOWS\WinSxS\amd64_microsoft.windows.common-controls_6595b64144ccf1df_6.0.9600.18006_none_623f33d3ecbe86e8\COMCTL32.dll
0x0000000075f40000 - 0x0000000076012000 	C:\Program Files\Java\jdk1.8.0_65\jre\bin\msvcr100.dll
0x0000000076540000 - 0x0000000076dc9000 	C:\Program Files\Java\jdk1.8.0_65\jre\bin\server\jvm.dll
0x00007ffa70940000 - 0x00007ffa70949000 	C:\WINDOWS\SYSTEM32\WSOCK32.dll
0x00007ffa71040000 - 0x00007ffa71062000 	C:\WINDOWS\SYSTEM32\WINMM.dll
0x00007ffa71070000 - 0x00007ffa7107a000 	C:\WINDOWS\SYSTEM32\VERSION.dll
0x00007ffa76b10000 - 0x00007ffa76b17000 	C:\WINDOWS\system32\PSAPI.DLL
0x00007ffa75bf0000 - 0x00007ffa75c4a000 	C:\WINDOWS\system32\WS2_32.dll
0x00007ffa70fa0000 - 0x00007ffa70fca000 	C:\WINDOWS\SYSTEM32\WINMMBASE.dll
0x00007ffa75b80000 - 0x00007ffa75b89000 	C:\WINDOWS\system32\NSI.dll
0x00007ffa74450000 - 0x00007ffa7449f000 	C:\WINDOWS\SYSTEM32\cfgmgr32.dll
0x00007ffa72d70000 - 0x00007ffa72d98000 	C:\WINDOWS\SYSTEM32\DEVOBJ.dll
0x0000000076530000 - 0x000000007653f000 	C:\Program Files\Java\jdk1.8.0_65\jre\bin\verify.dll
0x0000000076500000 - 0x0000000076529000 	C:\Program Files\Java\jdk1.8.0_65\jre\bin\java.dll
0x00000000764e0000 - 0x00000000764f6000 	C:\Program Files\Java\jdk1.8.0_65\jre\bin\zip.dll

VM Arguments:
jvm_args: -Djava.awt.headless=true -Xmx1024M -Dfile.encoding=windows-1252 -Duser.country=US -Duser.language=en -Duser.variant 
java_command: com.android.dx.command.Main --dex --num-threads=4 --output E:\androidPrograms\GuessTheCelebrity\app\build\intermediates\pre-dexed\debug\com.android.support-animated-vector-drawable-23.2.1_c8d3be60beb58964290222e09fd7a732435d3215.jar E:\androidPrograms\GuessTheCelebrity\app\build\intermediates\exploded-aar\com.android.support\animated-vector-drawable\23.2.1\jars\classes.jar
java_class_path (initial): C:\Users\Muhammed\AppData\Local\Android\android-sdk\build-tools\23.0.2\lib\dx.jar
Launcher Type: SUN_STANDARD

Environment Variables:
PATH=C:\ProgramData\Oracle\Java\javapath;C:\WINDOWS\system32;C:\WINDOWS;C:\WINDOWS\System32\Wbem;C:\WINDOWS\System32\WindowsPowerShell\v1.0\;C:\Program Files (x86)\MySQL\MySQL Fabric 1.5.4 & MySQL Utilities 1.5.4 1.5\;C:\Program Files (x86)\MySQL\MySQL Fabric 1.5.4 & MySQL Utilities 1.5.4 1.5\Doctrine extensions for PHP\;C:\Program Files (x86)\AMD\ATI.ACE\Core-Static;C:\Program Files (x86)\Cepstral\bin;C:\Program Files (x86)\Common Files\lenovo\easyplussdk\bin
USERNAME=Muhammed
OS=Windows_NT
PROCESSOR_IDENTIFIER=Intel64 Family 6 Model 37 Stepping 2, GenuineIntel



---------------  S Y S T E M  ---------------

OS: Windows 8.1 , 64 bit Build 9600 (6.3.9600.17415)

CPU:total 4 (2 cores per cpu, 2 threads per core) family 6 model 37 stepping 2, cmov, cx8, fxsr, mmx, sse, sse2, sse3, ssse3, sse4.1, sse4.2, popcnt, ht, tsc, tscinvbit

Memory: 4k page, physical 3987308k(261980k free), swap 7133036k(5388k free)

vm_info: Java HotSpot(TM) 64-Bit Server VM (25.65-b01) for windows-amd64 JRE (1.8.0_65-b17), built on Oct  6 2015 16:39:20 by "java_re" with MS VC++ 10.0 (VS2010)

time: Tue Mar 15 17:11:33 2016
elapsed time: 0 seconds (0d 0h 0m 0s)

